<?xml version="1.0" encoding="UTF-8"?>
<!-- Generated by org.testng.reporters.JUnitReportReporter -->
<testsuite hostname="V10WY-vclorenzow10l" failures="0" tests="1" name="sprint1.TC55RoundTripRecentSearchesTest" time="49.385" errors="0" timestamp="2020-08-07T19:09:46 PST" skipped="0">
  <testcase classname="sprint1.TC55RoundTripRecentSearchesTest" name="test" time="49.385"/>
  <system-out/>
</testsuite> <!-- sprint1.TC55RoundTripRecentSearchesTest -->
