<?xml version="1.0" encoding="UTF-8"?>
<!-- Generated by org.testng.reporters.JUnitReportReporter -->
<testsuite hostname="V10WY-vclorenzow10l" failures="0" tests="1" name="sprint1.TC04RoundTripLayoverByCountryCSSTest" time="28.271" errors="0" timestamp="2020-08-06T17:27:32 PST" skipped="0">
  <testcase classname="sprint1.TC04RoundTripLayoverByCountryCSSTest" name="test" time="28.271"/>
  <system-out/>
</testsuite> <!-- sprint1.TC04RoundTripLayoverByCountryCSSTest -->
