<?xml version="1.0" encoding="UTF-8"?>
<!-- Generated by org.testng.reporters.JUnitReportReporter -->
<testsuite hostname="V10WY-vclorenzow10l" failures="0" tests="3" name="testNG_Collection.TestNG_Suite1" time="0.017" errors="0" timestamp="2020-08-06T13:09:52 PST" skipped="0">
  <testcase classname="testNG_Collection.TestNG_Suite1" name="testMethod3" time="0.006"/>
  <system-out/>
  <testcase classname="testNG_Collection.TestNG_Suite1" name="testMethod2" time="0.008"/>
  <system-out/>
  <testcase classname="testNG_Collection.TestNG_Suite1" name="testMethod1" time="0.003"/>
  <system-out/>
</testsuite> <!-- testNG_Collection.TestNG_Suite1 -->
