<?xml version="1.0" encoding="UTF-8"?>
<!-- Generated by org.testng.reporters.JUnitReportReporter -->
<testsuite hostname="V10WY-vclorenzow10l" failures="0" tests="1" name="sprint1.TC11AdvancedSearchFlightTypesSearchdirectflightsonlyTest" time="53.986" errors="0" timestamp="2020-08-07T09:47:36 PST" skipped="0">
  <testcase classname="sprint1.TC11AdvancedSearchFlightTypesSearchdirectflightsonlyTest" name="test" time="53.986"/>
  <system-out/>
</testsuite> <!-- sprint1.TC11AdvancedSearchFlightTypesSearchdirectflightsonlyTest -->
