<?xml version="1.0" encoding="UTF-8"?>
<!-- Generated by org.testng.reporters.JUnitReportReporter -->
<testsuite hostname="V10WY-vclorenzow10l" failures="0" tests="1" name="sprint1.TC363rdpartyAncillariesRentACarCSSTest" time="26.001" errors="0" timestamp="2020-08-07T17:55:32 PST" skipped="0">
  <testcase classname="sprint1.TC363rdpartyAncillariesRentACarCSSTest" name="test" time="26.001"/>
  <system-out/>
</testsuite> <!-- sprint1.TC363rdpartyAncillariesRentACarCSSTest -->
