<?xml version="1.0" encoding="UTF-8"?>
<!-- Generated by org.testng.reporters.JUnitReportReporter -->
<testsuite hostname="V10WY-vclorenzow10l" failures="0" tests="3" name="testNG_Collection.TestNG_Suite2" time="0.006" errors="0" timestamp="2020-07-17T00:28:47 PST" skipped="0">
  <testcase classname="testNG_Collection.TestNG_Suite2" name="testMethod2" time="0.002"/>
  <system-out/>
  <testcase classname="testNG_Collection.TestNG_Suite2" name="testMethod1" time="0.002"/>
  <system-out/>
  <testcase classname="testNG_Collection.TestNG_Suite2" name="testMethod3" time="0.002"/>
  <system-out/>
</testsuite> <!-- testNG_Collection.TestNG_Suite2 -->
