<?xml version="1.0" encoding="UTF-8"?>
<!-- Generated by org.testng.reporters.JUnitReportReporter -->
<testsuite hostname="V10WY-vclorenzow10l" failures="0" tests="1" name="testNG_Collection.TestNG_Suite4" time="10.829" errors="0" timestamp="2020-08-06T13:53:37 PST" skipped="0">
  <testcase classname="testNG_Collection.TestNG_Suite4" name="testMethod1" time="10.829"/>
  <system-out/>
</testsuite> <!-- testNG_Collection.TestNG_Suite4 -->
