<?xml version="1.0" encoding="UTF-8"?>
<!-- Generated by org.testng.reporters.JUnitReportReporter -->
<testsuite hostname="V10WY-vclorenzow10l" failures="0" tests="1" name="sprint1.TC15AdvancedSearchDepartureArrivalAfternoonOWTest" time="45.441" errors="0" timestamp="2020-08-07T11:42:42 PST" skipped="0">
  <testcase classname="sprint1.TC15AdvancedSearchDepartureArrivalAfternoonOWTest" name="test" time="45.441"/>
  <system-out/>
</testsuite> <!-- sprint1.TC15AdvancedSearchDepartureArrivalAfternoonOWTest -->
