<?xml version="1.0" encoding="UTF-8"?>
<!-- Generated by org.testng.reporters.JUnitReportReporter -->
<testsuite hostname="V10WY-vclorenzow10l" failures="0" tests="1" name="sprint1.TC21AdvancedSearchDiscountsStudentRTTest" time="50.129" errors="0" timestamp="2020-08-07T13:46:18 PST" skipped="0">
  <testcase classname="sprint1.TC21AdvancedSearchDiscountsStudentRTTest" name="test" time="50.129"/>
  <system-out/>
</testsuite> <!-- sprint1.TC21AdvancedSearchDiscountsStudentRTTest -->
