<?xml version="1.0" encoding="UTF-8"?>
<!-- Generated by org.testng.reporters.JUnitReportReporter -->
<testsuite hostname="V10WY-vclorenzow10l" failures="0" tests="2" name="testNG_Collection.TestNG_Suite3" time="0.021" errors="0" timestamp="2020-07-17T10:33:44 PST" skipped="0">
  <testcase classname="testNG_Collection.TestNG_Suite3" name="testMethod3" time="0.002"/>
  <system-out/>
  <testcase classname="testNG_Collection.TestNG_Suite3" name="testMethod2" time="0.019"/>
  <system-out/>
</testsuite> <!-- testNG_Collection.TestNG_Suite3 -->
