<?xml version="1.0" encoding="UTF-8"?>
<!-- Generated by org.testng.reporters.JUnitReportReporter -->
<testsuite hostname="V10WY-vclorenzow10l" failures="0" tests="1" name="sprint2.TC01LoginUsingEmailTest" time="77.394" errors="0" timestamp="2020-08-10T11:15:21 PST" skipped="0">
  <testcase classname="sprint2.TC01LoginUsingEmailTest" name="test" time="77.394"/>
  <system-out/>
</testsuite> <!-- sprint2.TC01LoginUsingEmailTest -->
