<?xml version="1.0" encoding="UTF-8"?>
<!-- Generated by org.testng.reporters.JUnitReportReporter -->
<testsuite hostname="V10WY-vclorenzow10l" failures="0" tests="1" name="sprint1.TC47OneWayLayoverByCityTest" time="71.929" errors="0" timestamp="2020-08-07T18:33:13 PST" skipped="0">
  <testcase classname="sprint1.TC47OneWayLayoverByCityTest" name="test" time="71.929"/>
  <system-out/>
</testsuite> <!-- sprint1.TC47OneWayLayoverByCityTest -->
