<?xml version="1.0" encoding="UTF-8"?>
<!-- Generated by org.testng.reporters.JUnitReportReporter -->
<testsuite hostname="V10WY-vclorenzow10l" failures="0" tests="1" name="sprint1.TC373rdpartyAncillariesBookTransferTest" time="29.481" errors="0" timestamp="2020-08-07T18:02:38 PST" skipped="0">
  <testcase classname="sprint1.TC373rdpartyAncillariesBookTransferTest" name="test" time="29.481"/>
  <system-out/>
</testsuite> <!-- sprint1.TC373rdpartyAncillariesBookTransferTest -->
