<?xml version="1.0" encoding="UTF-8"?>
<!-- Generated by org.testng.reporters.JUnitReportReporter -->
<testsuite hostname="V10WY-vclorenzow10l" failures="0" tests="1" name="sprint1.TC20316AdvancedSearchDiscountsStudentOWTest" time="46.699" errors="0" timestamp="2020-08-07T12:27:45 PST" skipped="0">
  <testcase classname="sprint1.TC20316AdvancedSearchDiscountsStudentOWTest" name="test" time="46.699"/>
  <system-out/>
</testsuite> <!-- sprint1.TC20316AdvancedSearchDiscountsStudentOWTest -->
