<?xml version="1.0" encoding="UTF-8"?>
<!-- Generated by org.testng.reporters.JUnitReportReporter -->
<testsuite hostname="V10WY-vclorenzow10l" failures="0" tests="1" name="sprint1.TC54OneWayRecentSearchesTest" time="42.903" errors="0" timestamp="2020-08-07T19:15:50 PST" skipped="0">
  <testcase classname="sprint1.TC54OneWayRecentSearchesTest" name="test" time="42.903"/>
  <system-out/>
</testsuite> <!-- sprint1.TC54OneWayRecentSearchesTest -->
