<?xml version="1.0" encoding="UTF-8"?>
<!-- Generated by org.testng.reporters.JUnitReportReporter -->
<testsuite hostname="V10WY-vclorenzow10l" failures="0" tests="1" name="sprint1.TC05AdvancedSearchCabinOptionsAllCabinsCSSTest" time="26.686" errors="0" timestamp="2020-08-06T18:09:47 PST" skipped="0">
  <testcase classname="sprint1.TC05AdvancedSearchCabinOptionsAllCabinsCSSTest" name="test" time="26.686"/>
  <system-out/>
</testsuite> <!-- sprint1.TC05AdvancedSearchCabinOptionsAllCabinsCSSTest -->
