<?xml version="1.0" encoding="UTF-8"?>
<!-- Generated by org.testng.reporters.JUnitReportReporter -->
<testsuite hostname="V10WY-vclorenzow10l" failures="0" tests="3" name="Utilities.TestNG_Sample2" time="0.003" errors="0" timestamp="2020-07-16T21:58:28 PST" skipped="0">
  <testcase classname="Utilities.TestNG_Sample2" name="testMethod2" time="0.001"/>
  <system-out/>
  <testcase classname="Utilities.TestNG_Sample2" name="testMethod1" time="0.001"/>
  <system-out/>
  <testcase classname="Utilities.TestNG_Sample2" name="testMethod3" time="0.001"/>
  <system-out/>
</testsuite> <!-- Utilities.TestNG_Sample2 -->
