<?xml version="1.0" encoding="UTF-8"?>
<!-- Generated by org.testng.reporters.JUnitReportReporter -->
<testsuite hostname="V10WY-vclorenzow10l" failures="0" tests="1" name="sprint1.TC02OneWayLayoverByCountryCSSTest" time="43.520" errors="0" timestamp="2020-08-06T16:25:14 PST" skipped="0">
  <testcase classname="sprint1.TC02OneWayLayoverByCountryCSSTest" name="test" time="43.520"/>
  <system-out/>
</testsuite> <!-- sprint1.TC02OneWayLayoverByCountryCSSTest -->
