<?xml version="1.0" encoding="UTF-8"?>
<!-- Generated by org.testng.reporters.JUnitReportReporter -->
<testsuite hostname="V10WY-vclorenzow10l" failures="0" tests="3" name="testNGSuite.TestNG_Sample" time="0.017" errors="0" timestamp="2020-07-16T22:45:16 PST" skipped="0">
  <testcase classname="testNGSuite.TestNG_Sample" name="testMethod2" time="0.005"/>
  <system-out/>
  <testcase classname="testNGSuite.TestNG_Sample" name="testMethod1" time="0.011"/>
  <system-out/>
  <testcase classname="testNGSuite.TestNG_Sample" name="testMethod3" time="0.001"/>
  <system-out/>
</testsuite> <!-- testNGSuite.TestNG_Sample -->
