<?xml version="1.0" encoding="UTF-8"?>
<!-- Generated by org.testng.reporters.JUnitReportReporter -->
<testsuite hostname="V10WY-vclorenzow10l" failures="0" tests="1" name="sprint1.TC13AdvancedSearchFlightTypesSearchdirectflightsonlyOperatedbyTAPonlyTest" time="59.321" errors="0" timestamp="2020-08-07T10:12:02 PST" skipped="0">
  <testcase classname="sprint1.TC13AdvancedSearchFlightTypesSearchdirectflightsonlyOperatedbyTAPonlyTest" name="test" time="59.321"/>
  <system-out/>
</testsuite> <!-- sprint1.TC13AdvancedSearchFlightTypesSearchdirectflightsonlyOperatedbyTAPonlyTest -->
