<?xml version="1.0" encoding="UTF-8"?>
<!-- Generated by org.testng.reporters.JUnitReportReporter -->
<testsuite hostname="V10WY-vclorenzow10l" failures="0" tests="1" name="sprint1.TC25AdvancedSearchDiscountsIhaveagiftvoucherorpromocodeRTTest" time="52.665" errors="0" timestamp="2020-08-07T14:32:56 PST" skipped="0">
  <testcase classname="sprint1.TC25AdvancedSearchDiscountsIhaveagiftvoucherorpromocodeRTTest" name="test" time="52.665"/>
  <system-out/>
</testsuite> <!-- sprint1.TC25AdvancedSearchDiscountsIhaveagiftvoucherorpromocodeRTTest -->
