<?xml version="1.0" encoding="UTF-8"?>
<!-- Generated by org.testng.reporters.JUnitReportReporter -->
<testsuite hostname="V10WY-vclorenzow10l" failures="0" tests="1" name="sprint1.TC17AdvancedSearchDepartureArrivalMorningRTTest" time="51.710" errors="0" timestamp="2020-08-07T11:49:18 PST" skipped="0">
  <testcase classname="sprint1.TC17AdvancedSearchDepartureArrivalMorningRTTest" name="test" time="51.710"/>
  <system-out/>
</testsuite> <!-- sprint1.TC17AdvancedSearchDepartureArrivalMorningRTTest -->
