<?xml version="1.0" encoding="UTF-8"?>
<!-- Generated by org.testng.reporters.JUnitReportReporter -->
<testsuite hostname="V10WY-vclorenzow10l" failures="0" tests="1" name="sprint1.TC18AdvancedSearchDepartureArrivalAfternoonRTTest" time="47.441" errors="0" timestamp="2020-08-07T11:53:37 PST" skipped="0">
  <testcase classname="sprint1.TC18AdvancedSearchDepartureArrivalAfternoonRTTest" name="test" time="47.441"/>
  <system-out/>
</testsuite> <!-- sprint1.TC18AdvancedSearchDepartureArrivalAfternoonRTTest -->
