<?xml version="1.0" encoding="UTF-8"?>
<!-- Generated by org.testng.reporters.JUnitReportReporter -->
<testsuite hostname="V10WY-vclorenzow10l" failures="0" tests="1" name="sprint1.TC19AdvancedSearchDepartureArrivalEveningRTTest" time="54.377" errors="0" timestamp="2020-08-07T12:08:17 PST" skipped="0">
  <testcase classname="sprint1.TC19AdvancedSearchDepartureArrivalEveningRTTest" name="test" time="54.377"/>
  <system-out/>
</testsuite> <!-- sprint1.TC19AdvancedSearchDepartureArrivalEveningRTTest -->
