<?xml version="1.0" encoding="UTF-8"?>
<!-- Generated by org.testng.reporters.JUnitReportReporter -->
<testsuite hostname="V10WY-vclorenzow10l" failures="0" tests="1" name="sprint1.TC09AdvancedSearchTicketOptionsOnlyRefundablefaresTest" time="30.981" errors="0" timestamp="2020-08-06T18:32:19 PST" skipped="0">
  <testcase classname="sprint1.TC09AdvancedSearchTicketOptionsOnlyRefundablefaresTest" name="test" time="30.981"/>
  <system-out/>
</testsuite> <!-- sprint1.TC09AdvancedSearchTicketOptionsOnlyRefundablefaresTest -->
