<?xml version="1.0" encoding="UTF-8"?>
<!-- Generated by org.testng.reporters.JUnitReportReporter -->
<testsuite hostname="V10WY-vclorenzow10l" failures="0" tests="1" name="sprint1.TC24AdvancedSearchDiscountsIhaveagiftvoucherorpromocodeOWTest" time="36.605" errors="0" timestamp="2020-08-07T14:14:03 PST" skipped="0">
  <testcase classname="sprint1.TC24AdvancedSearchDiscountsIhaveagiftvoucherorpromocodeOWTest" name="test" time="36.605"/>
  <system-out/>
</testsuite> <!-- sprint1.TC24AdvancedSearchDiscountsIhaveagiftvoucherorpromocodeOWTest -->
