<?xml version="1.0" encoding="UTF-8"?>
<!-- Generated by org.testng.reporters.JUnitReportReporter -->
<testsuite hostname="V10WY-vclorenzow10l" failures="0" tests="1" name="sprint1.TC403rdpartyAncillariesToursandActivitiesTest" time="30.660" errors="0" timestamp="2020-08-07T18:13:43 PST" skipped="0">
  <testcase classname="sprint1.TC403rdpartyAncillariesToursandActivitiesTest" name="test" time="30.660"/>
  <system-out/>
</testsuite> <!-- sprint1.TC403rdpartyAncillariesToursandActivitiesTest -->
