<?xml version="1.0" encoding="UTF-8"?>
<!-- Generated by org.testng.reporters.JUnitReportReporter -->
<testsuite hostname="V10WY-vclorenzow10l" failures="0" tests="1" name="sprint1.TC22AdvancedSearchDiscountsIliveintheAzoresorinMadeiraOWTest" time="45.656" errors="0" timestamp="2020-08-07T13:55:49 PST" skipped="0">
  <testcase classname="sprint1.TC22AdvancedSearchDiscountsIliveintheAzoresorinMadeiraOWTest" name="test" time="45.656"/>
  <system-out/>
</testsuite> <!-- sprint1.TC22AdvancedSearchDiscountsIliveintheAzoresorinMadeiraOWTest -->
