<?xml version="1.0" encoding="UTF-8"?>
<!-- Generated by org.testng.reporters.JUnitReportReporter -->
<testsuite hostname="V10WY-vclorenzow10l" failures="0" tests="1" name="sprint1.TC06AdvancedSearchCabinOptionsEconomyOnlyCSSTest" time="29.078" errors="0" timestamp="2020-08-06T18:12:39 PST" skipped="0">
  <testcase classname="sprint1.TC06AdvancedSearchCabinOptionsEconomyOnlyCSSTest" name="test" time="29.078"/>
  <system-out/>
</testsuite> <!-- sprint1.TC06AdvancedSearchCabinOptionsEconomyOnlyCSSTest -->
