<?xml version="1.0" encoding="UTF-8"?>
<!-- Generated by org.testng.reporters.JUnitReportReporter -->
<testsuite hostname="V10WY-vclorenzow10l" failures="0" tests="1" name="sprint1.TC08AdvancedSearchTicketOptionsCheckedBaggageincludedTest" time="27.651" errors="0" timestamp="2020-08-06T18:27:24 PST" skipped="0">
  <testcase classname="sprint1.TC08AdvancedSearchTicketOptionsCheckedBaggageincludedTest" name="test" time="27.651"/>
  <system-out/>
</testsuite> <!-- sprint1.TC08AdvancedSearchTicketOptionsCheckedBaggageincludedTest -->
